<?xml version="1.0" encoding="UTF-8"?>
<testsuite xmlns:xsi="http://www.w3.org/2001/XMLSchema-instance" xsi:noNamespaceSchemaLocation="https://maven.apache.org/surefire/maven-surefire-plugin/xsd/surefire-test-report-3.0.xsd" version="3.0" name="TestSuite" time="1.544" tests="2" errors="0" skipped="0" failures="0">
  <properties>
[...]
</properties>
  <testcase name="pr1" classname="Practice.Practice" time="0.028">
    <system-out><![CDATA[oye
]]></system-out>
  </testcase>
  <testcase name="pr1" classname="Practice.Practice2" time="0.001">
    <system-out><![CDATA[executed
]]></system-out>
  </testcase>
</testsuite>