<?xml version="1.0" encoding="UTF-8"?>
<testng-results skipped="0" failed="0" ignored="0" total="2" passed="2">
  <reporter-output>
  </reporter-output>
  <suite name="Suite" duration-ms="78" started-at="2023-03-10T17:45:20 IST" finished-at="2023-03-10T17:45:20 IST">
    <groups>
    </groups>
    <test name="Test" duration-ms="78" started-at="2023-03-10T17:45:20 IST" finished-at="2023-03-10T17:45:20 IST">
      <class name="Practice.Practice2">
        <test-method status="PASS" signature="pr1()[pri:0, instance:Practice.Practice2@578486a3]" name="pr1" duration-ms="2" started-at="2023-03-10T17:45:20 IST" finished-at="2023-03-10T17:45:20 IST">
          <reporter-output>
          </reporter-output>
        </test-method> <!-- pr1 -->
      </class> <!-- Practice.Practice2 -->
      <class name="Practice.Practice">
        <test-method status="PASS" signature="pr1()[pri:0, instance:Practice.Practice@1f36e637]" name="pr1" duration-ms="9" started-at="2023-03-10T17:45:20 IST" finished-at="2023-03-10T17:45:20 IST">
          <reporter-output>
          </reporter-output>
        </test-method> <!-- pr1 -->
      </class> <!-- Practice.Practice -->
    </test> <!-- Test -->
  </suite> <!-- Suite -->
</testng-results>
