<?xml version="1.0" encoding="UTF-8"?>
<testng-results ignored="0" total="1" passed="1" failed="0" skipped="0">
  <reporter-output>
  </reporter-output>
  <suite started-at="2023-04-19T00:02:07 IST" name="Default suite" finished-at="2023-04-19T00:02:07 IST" duration-ms="75">
    <groups>
    </groups>
    <test started-at="2023-04-19T00:02:07 IST" name="Default test" finished-at="2023-04-19T00:02:07 IST" duration-ms="75">
      <class name="Practice.Practice">
        <test-method signature="pr1()[pri:0, instance:Practice.Practice@27ff5d15]" started-at="2023-04-19T00:02:07 IST" name="pr1" finished-at="2023-04-19T00:02:07 IST" duration-ms="14" status="PASS">
          <reporter-output>
          </reporter-output>
        </test-method> <!-- pr1 -->
      </class> <!-- Practice.Practice -->
    </test> <!-- Default test -->
  </suite> <!-- Default suite -->
</testng-results>
